#
# A fatal error has been detected by the Java Runtime Environment:
#
#  EXCEPTION_ACCESS_VIOLATION (0xc0000005) at pc=0x00007ff91f61b48a, pid=17580, tid=0x0000000000001e4c
#
# JRE version: Java(TM) SE Runtime Environment (8.0_171-b11) (build 1.8.0_171-b11)
# Java VM: Java HotSpot(TM) 64-Bit Server VM (25.171-b11 mixed mode windows-amd64 compressed oops)
# Problematic frame:
# C  [ig9icd64.dll+0x27b48a]
#
# Failed to write core dump. Minidumps are not enabled by default on client versions of Windows
#
# If you would like to submit a bug report, please visit:
#   http://bugreport.java.com/bugreport/crash.jsp
# The crash happened outside the Java Virtual Machine in native code.
# See problematic frame for where to report the bug.
#

---------------  T H R E A D  ---------------

Current thread (0x0000000019932800):  JavaThread "LWJGL Application" [_thread_in_native, id=7756, stack(0x000000001a6e0000,0x000000001a7e0000)]

siginfo: ExceptionCode=0xc0000005, reading address 0x0000000000000008

Registers:
RAX=0x000000001f8d83d0, RBX=0x000000001f8d7a50, RCX=0x0000000000000000, RDX=0x000000001b51c8b0
RSP=0x000000001a7dd3c0, RBP=0x000000001a7dd4c0, RSI=0x0000000000000006, RDI=0x000000001b420080
R8 =0x0000000000000000, R9 =0x0000000000000000, R10=0x0000000000000000, R11=0x000000001f7ecaa0
R12=0x000000001b51c8d8, R13=0x0000000000000004, R14=0x000000001b445cb0, R15=0x000000001a7dd9c0
RIP=0x00007ff91f61b48a, EFLAGS=0x0000000000010202

Top of Stack: (sp=0x000000001a7dd3c0)
0x000000001a7dd3c0:   0000000000000000 00007ff91f589878
0x000000001a7dd3d0:   0000000000007d00 000000001b445d20
0x000000001a7dd3e0:   000000001b51c968 000000001b420080
0x000000001a7dd3f0:   0000000000000000 00007f011f62a54b
0x000000001a7dd400:   00000fa000000001 0000000000000001
0x000000001a7dd410:   0000000000000000 0000000152320150
0x000000001a7dd420:   00000000ffffffff 00007ff9ffffffff
0x000000001a7dd430:   000000001b51c8d8 000000000000000a
0x000000001a7dd440:   000000001a7dd9c0 000000001b4f8f50
0x000000001a7dd450:   0000000000000000 000080040000000c
0x000000001a7dd460:   000000001b445ce0 0000000100000008
0x000000001a7dd470:   00000fa000000001 000000015232016c
0x000000001a7dd480:   000000001f7ecaa0 000000015232081c
0x000000001a7dd490:   0000000000000000 00007ff900000000
0x000000001a7dd4a0:   0000000152320154 00007ff900000000
0x000000001a7dd4b0:   0000000000000000 0000000000000948 

Instructions: (pc=0x00007ff91f61b48a)
0x00007ff91f61b46a:   e9 1a 02 00 00 c6 87 2d 5c 02 00 00 8b 44 24 48
0x00007ff91f61b47a:   85 87 0c 5c 02 00 74 2f 48 8b 43 28 48 8b 48 20
0x00007ff91f61b48a:   48 8b 49 08 e8 2d 4a 35 00 41 89 47 08 48 8b 43
0x00007ff91f61b49a:   28 48 8b 48 20 49 89 0f 8b 43 0c 41 89 47 0c 8b 


Register to memory mapping:

RAX=0x000000001f8d83d0 is an unknown value
RBX=0x000000001f8d7a50 is an unknown value
RCX=0x0000000000000000 is an unknown value
RDX=0x000000001b51c8b0 is an unknown value
RSP=0x000000001a7dd3c0 is pointing into the stack for thread: 0x0000000019932800
RBP=0x000000001a7dd4c0 is pointing into the stack for thread: 0x0000000019932800
RSI=0x0000000000000006 is an unknown value
RDI=0x000000001b420080 is an unknown value
R8 =0x0000000000000000 is an unknown value
R9 =0x0000000000000000 is an unknown value
R10=0x0000000000000000 is an unknown value
R11=0x000000001f7ecaa0 is an unknown value
R12=0x000000001b51c8d8 is an unknown value
R13=0x0000000000000004 is an unknown value
R14=0x000000001b445cb0 is an unknown value
R15=0x000000001a7dd9c0 is pointing into the stack for thread: 0x0000000019932800


Stack: [0x000000001a6e0000,0x000000001a7e0000],  sp=0x000000001a7dd3c0,  free space=1012k
Native frames: (J=compiled Java code, j=interpreted, Vv=VM code, C=native code)
C  [ig9icd64.dll+0x27b48a]
C  [ig9icd64.dll+0x34beae]
C  [ig9icd64.dll+0x289a19]
C  [ig9icd64.dll+0x28979d]
C  [ig9icd64.dll+0x29dcc3]
C  [ig9icd64.dll+0x4e1264]
C  [ig9icd64.dll+0x4e13f4]
C  [ig9icd64.dll+0x4e1b41]
C  0x0000000002db735c

Java frames: (J=compiled Java code, j=interpreted, Vv=VM code)
J 525  org.lwjgl.opengl.GL11.nglDrawElements(IIIJJ)V (0 bytes) @ 0x0000000002db72d6 [0x0000000002db7280+0x56]
J 706 C2 com.badlogic.gdx.graphics.g2d.SpriteBatch.flush()V (193 bytes) @ 0x0000000002e789cc [0x0000000002e78480+0x54c]
J 702 C2 com.badlogic.gdx.graphics.g2d.Sprite.draw(Lcom/badlogic/gdx/graphics/g2d/Batch;)V (18 bytes) @ 0x0000000002e660b4 [0x0000000002e657e0+0x8d4]
J 704% C2 com.mygdx.game.aSimpleGame.restartGame()V (45 bytes) @ 0x0000000002e5f584 [0x0000000002e5f460+0x124]
J 584 C1 com.mygdx.game.aSimpleGame.render()V (1044 bytes) @ 0x0000000002dfab74 [0x0000000002df4900+0x6274]
j  com.badlogic.gdx.backends.lwjgl.LwjglApplication.mainLoop()V+698
j  com.badlogic.gdx.backends.lwjgl.LwjglApplication$1.run()V+27
v  ~StubRoutines::call_stub

---------------  P R O C E S S  ---------------

Java Threads: ( => current thread )
  0x0000000019a4f800 JavaThread "LWJGL Timer" daemon [_thread_blocked, id=13640, stack(0x0000000020080000,0x0000000020180000)]
  0x0000000002a44800 JavaThread "DestroyJavaVM" [_thread_blocked, id=6840, stack(0x00000000026c0000,0x00000000027c0000)]
=>0x0000000019932800 JavaThread "LWJGL Application" [_thread_in_native, id=7756, stack(0x000000001a6e0000,0x000000001a7e0000)]
  0x0000000018d31800 JavaThread "Service Thread" daemon [_thread_blocked, id=2308, stack(0x00000000193e0000,0x00000000194e0000)]
  0x0000000018d04000 JavaThread "C1 CompilerThread2" daemon [_thread_blocked, id=22828, stack(0x00000000192e0000,0x00000000193e0000)]
  0x0000000018ca6000 JavaThread "C2 CompilerThread1" daemon [_thread_blocked, id=6284, stack(0x00000000191e0000,0x00000000192e0000)]
  0x0000000018ca3000 JavaThread "C2 CompilerThread0" daemon [_thread_blocked, id=10840, stack(0x00000000190e0000,0x00000000191e0000)]
  0x0000000018c98000 JavaThread "Monitor Ctrl-Break" daemon [_thread_in_native, id=14232, stack(0x0000000018fe0000,0x00000000190e0000)]
  0x0000000017671000 JavaThread "Attach Listener" daemon [_thread_blocked, id=17448, stack(0x0000000018ae0000,0x0000000018be0000)]
  0x0000000017670000 JavaThread "Signal Dispatcher" daemon [_thread_blocked, id=1644, stack(0x00000000189e0000,0x0000000018ae0000)]
  0x000000001765a800 JavaThread "Finalizer" daemon [_thread_blocked, id=21916, stack(0x00000000188e0000,0x00000000189e0000)]
  0x0000000017639000 JavaThread "Reference Handler" daemon [_thread_blocked, id=15176, stack(0x00000000187e0000,0x00000000188e0000)]

Other Threads:
  0x0000000017638000 VMThread [stack: 0x00000000186e0000,0x00000000187e0000] [id=15620]
  0x0000000018d3b000 WatcherThread [stack: 0x00000000194e0000,0x00000000195e0000] [id=22952]

VM state:not at safepoint (normal execution)

VM Mutex/Monitor currently owned by a thread: None

Heap:
 PSYoungGen      total 38400K, used 18290K [0x00000000d5f00000, 0x00000000d8980000, 0x0000000100000000)
  eden space 33280K, 54% used [0x00000000d5f00000,0x00000000d70dc930,0x00000000d7f80000)
  from space 5120K, 0% used [0x00000000d8480000,0x00000000d8480000,0x00000000d8980000)
  to   space 5120K, 0% used [0x00000000d7f80000,0x00000000d7f80000,0x00000000d8480000)
 ParOldGen       total 87552K, used 0K [0x0000000081c00000, 0x0000000087180000, 0x00000000d5f00000)
  object space 87552K, 0% used [0x0000000081c00000,0x0000000081c00000,0x0000000087180000)
 Metaspace       used 7438K, capacity 7507K, committed 7680K, reserved 1056768K
  class space    used 700K, capacity 720K, committed 768K, reserved 1048576K

Card table byte_map: [0x0000000011f00000,0x0000000012300000] byte_map_base: 0x0000000011af2000

Marking Bits: (ParMarkBitMap*) 0x00000000587e08c0
 Begin Bits: [0x00000000129b0000, 0x0000000014940000)
 End Bits:   [0x0000000014940000, 0x00000000168d0000)

Polling page: 0x00000000008f0000

CodeCache: size=245760Kb used=3291Kb max_used=3306Kb free=242468Kb
 bounds [0x0000000002b40000, 0x0000000002e90000, 0x0000000011b40000]
 total_blobs=1154 nmethods=708 adapters=359
 compilation: enabled

Compilation events (10 events):
Event: 12.514 Thread 0x0000000018ca3000 nmethod 704% 0x0000000002e5f2d0 code [0x0000000002e5f460, 0x0000000002e5faf8]
Event: 12.518 Thread 0x0000000018ca6000 nmethod 703 0x0000000002e6ddd0 code [0x0000000002e6e0e0, 0x0000000002e6ffa0]
Event: 12.662 Thread 0x0000000018ca3000  705       4       com.badlogic.gdx.utils.BufferUtils::copy (45 bytes)
Event: 12.665 Thread 0x0000000018ca3000 nmethod 705 0x0000000002e6c1d0 code [0x0000000002e6c340, 0x0000000002e6c5c8]
Event: 12.692 Thread 0x0000000018ca6000  706       4       com.badlogic.gdx.graphics.g2d.SpriteBatch::flush (193 bytes)
Event: 12.718 Thread 0x0000000018ca3000  707       4       com.badlogic.gdx.graphics.Mesh::render (257 bytes)
Event: 12.736 Thread 0x0000000018ca6000 nmethod 706 0x0000000002e781d0 code [0x0000000002e78480, 0x0000000002e79dc0]
Event: 12.736 Thread 0x0000000018ca6000  708       4       com.badlogic.gdx.graphics.Mesh::bind (33 bytes)
Event: 12.738 Thread 0x0000000018ca6000 nmethod 708 0x0000000002e63810 code [0x0000000002e63960, 0x0000000002e63aa8]
Event: 12.748 Thread 0x0000000018ca3000 nmethod 707 0x0000000002e7d690 code [0x0000000002e7d8a0, 0x0000000002e7e8c8]

GC Heap History (0 events):
No events

Deoptimization events (5 events):
Event: 2.637 Thread 0x0000000019932800 Uncommon trap: reason=unstable_if action=reinterpret pc=0x0000000002dd12fc method=com.badlogic.gdx.graphics.g2d.Sprite.translate(FF)V @ 24
Event: 12.445 Thread 0x0000000019932800 Uncommon trap: reason=unstable_if action=reinterpret pc=0x0000000002e08330 method=com.badlogic.gdx.math.Rectangle.contains(FF)Z @ 29
Event: 12.459 Thread 0x0000000019932800 Uncommon trap: reason=unstable_if action=reinterpret pc=0x0000000002ddc5c0 method=com.badlogic.gdx.math.Rectangle.contains(FF)Z @ 29
Event: 12.460 Thread 0x0000000019932800 Uncommon trap: reason=unstable_if action=reinterpret pc=0x0000000002dd3d20 method=com.badlogic.gdx.graphics.g2d.SpriteBatch.draw(Lcom/badlogic/gdx/graphics/Texture;[FII)V @ 55
Event: 12.460 Thread 0x0000000019932800 Uncommon trap: reason=unstable_if action=reinterpret pc=0x0000000002de0418 method=com.badlogic.gdx.graphics.g2d.SpriteBatch.draw(Lcom/badlogic/gdx/graphics/Texture;[FII)V @ 55

Classes redefined (0 events):
No events

Internal exceptions (10 events):
Event: 0.267 Thread 0x0000000002a44800 Exception <a 'java/security/PrivilegedActionException'> (0x00000000d637fc40) thrown at [C:\re\workspace\8-2-build-windows-amd64-cygwin\jdk8u171\10807\hotspot\src\share\vm\prims\jvm.cpp, line 1435]
Event: 0.267 Thread 0x0000000002a44800 Exception <a 'java/security/PrivilegedActionException'> (0x00000000d637fe50) thrown at [C:\re\workspace\8-2-build-windows-amd64-cygwin\jdk8u171\10807\hotspot\src\share\vm\prims\jvm.cpp, line 1435]
Event: 0.268 Thread 0x0000000002a44800 Exception <a 'java/security/PrivilegedActionException'> (0x00000000d6383d60) thrown at [C:\re\workspace\8-2-build-windows-amd64-cygwin\jdk8u171\10807\hotspot\src\share\vm\prims\jvm.cpp, line 1435]
Event: 0.268 Thread 0x0000000002a44800 Exception <a 'java/security/PrivilegedActionException'> (0x00000000d6383f70) thrown at [C:\re\workspace\8-2-build-windows-amd64-cygwin\jdk8u171\10807\hotspot\src\share\vm\prims\jvm.cpp, line 1435]
Event: 0.570 Thread 0x0000000002a44800 Exception <a 'java/security/PrivilegedActionException'> (0x00000000d65fc5e0) thrown at [C:\re\workspace\8-2-build-windows-amd64-cygwin\jdk8u171\10807\hotspot\src\share\vm\prims\jvm.cpp, line 1435]
Event: 0.570 Thread 0x0000000002a44800 Exception <a 'java/security/PrivilegedActionException'> (0x00000000d65fe2b8) thrown at [C:\re\workspace\8-2-build-windows-amd64-cygwin\jdk8u171\10807\hotspot\src\share\vm\prims\jvm.cpp, line 1435]
Event: 0.570 Thread 0x0000000002a44800 Exception <a 'java/security/PrivilegedActionException'> (0x00000000d65ff428) thrown at [C:\re\workspace\8-2-build-windows-amd64-cygwin\jdk8u171\10807\hotspot\src\share\vm\prims\jvm.cpp, line 1435]
Event: 0.570 Thread 0x0000000002a44800 Exception <a 'java/security/PrivilegedActionException'> (0x00000000d6604968) thrown at [C:\re\workspace\8-2-build-windows-amd64-cygwin\jdk8u171\10807\hotspot\src\share\vm\prims\jvm.cpp, line 1435]
Event: 0.570 Thread 0x0000000002a44800 Exception <a 'java/security/PrivilegedActionException'> (0x00000000d66055c0) thrown at [C:\re\workspace\8-2-build-windows-amd64-cygwin\jdk8u171\10807\hotspot\src\share\vm\prims\jvm.cpp, line 1435]
Event: 0.570 Thread 0x0000000002a44800 Exception <a 'java/security/PrivilegedActionException'> (0x00000000d66061e8) thrown at [C:\re\workspace\8-2-build-windows-amd64-cygwin\jdk8u171\10807\hotspot\src\share\vm\prims\jvm.cpp, line 1435]

Events (10 events):
Event: 12.445 Thread 0x0000000019932800 DEOPT UNPACKING pc=0x0000000002b8583b sp=0x000000001a7df0a0 mode 2
Event: 12.459 Thread 0x0000000019932800 Uncommon trap: trap_request=0xffffff65 fr.pc=0x0000000002ddc5c0
Event: 12.459 Thread 0x0000000019932800 DEOPT PACKING pc=0x0000000002ddc5c0 sp=0x000000001a7df100
Event: 12.459 Thread 0x0000000019932800 DEOPT UNPACKING pc=0x0000000002b8583b sp=0x000000001a7df0a8 mode 2
Event: 12.460 Thread 0x0000000019932800 Uncommon trap: trap_request=0xffffff65 fr.pc=0x0000000002dd3d20
Event: 12.460 Thread 0x0000000019932800 DEOPT PACKING pc=0x0000000002dd3d20 sp=0x000000001a7df090
Event: 12.460 Thread 0x0000000019932800 DEOPT UNPACKING pc=0x0000000002b8583b sp=0x000000001a7df018 mode 2
Event: 12.460 Thread 0x0000000019932800 Uncommon trap: trap_request=0xffffff65 fr.pc=0x0000000002de0418
Event: 12.460 Thread 0x0000000019932800 DEOPT PACKING pc=0x0000000002de0418 sp=0x000000001a7deff0
Event: 12.460 Thread 0x0000000019932800 DEOPT UNPACKING pc=0x0000000002b8583b sp=0x000000001a7df020 mode 2


Dynamic libraries:
0x00007ff6f4530000 - 0x00007ff6f4567000 	C:\Program Files\Java\jdk1.8.0_171\bin\java.exe
0x00007ff97f310000 - 0x00007ff97f4f1000 	C:\WINDOWS\SYSTEM32\ntdll.dll
0x00007ff97ec70000 - 0x00007ff97ed22000 	C:\WINDOWS\System32\KERNEL32.DLL
0x00007ff97c260000 - 0x00007ff97c4d3000 	C:\WINDOWS\System32\KERNELBASE.dll
0x00007ff97e810000 - 0x00007ff97e8b1000 	C:\WINDOWS\System32\ADVAPI32.dll
0x00007ff97e680000 - 0x00007ff97e71e000 	C:\WINDOWS\System32\msvcrt.dll
0x00007ff97ec10000 - 0x00007ff97ec6b000 	C:\WINDOWS\System32\sechost.dll
0x00007ff97e8c0000 - 0x00007ff97e9e4000 	C:\WINDOWS\System32\RPCRT4.dll
0x00007ff97eed0000 - 0x00007ff97f060000 	C:\WINDOWS\System32\USER32.dll
0x00007ff97c530000 - 0x00007ff97c550000 	C:\WINDOWS\System32\win32u.dll
0x00007ff97f060000 - 0x00007ff97f088000 	C:\WINDOWS\System32\GDI32.dll
0x00007ff97bef0000 - 0x00007ff97c082000 	C:\WINDOWS\System32\gdi32full.dll
0x00007ff97c1c0000 - 0x00007ff97c25f000 	C:\WINDOWS\System32\msvcp_win.dll
0x00007ff97b6e0000 - 0x00007ff97b7da000 	C:\WINDOWS\System32\ucrtbase.dll
0x00007ff96b790000 - 0x00007ff96b9f9000 	C:\WINDOWS\WinSxS\amd64_microsoft.windows.common-controls_6595b64144ccf1df_6.0.17134.523_none_fb409dd930672a56\COMCTL32.dll
0x00007ff97ce50000 - 0x00007ff97d172000 	C:\WINDOWS\System32\combase.dll
0x00007ff97c090000 - 0x00007ff97c10a000 	C:\WINDOWS\System32\bcryptPrimitives.dll
0x00007ff97cca0000 - 0x00007ff97cccd000 	C:\WINDOWS\System32\IMM32.DLL
0x0000000058860000 - 0x0000000058932000 	C:\Program Files\Java\jdk1.8.0_171\jre\bin\msvcr100.dll
0x0000000057fc0000 - 0x0000000058860000 	C:\Program Files\Java\jdk1.8.0_171\jre\bin\server\jvm.dll
0x00007ff97ec00000 - 0x00007ff97ec08000 	C:\WINDOWS\System32\PSAPI.DLL
0x00007ff96db70000 - 0x00007ff96db79000 	C:\WINDOWS\SYSTEM32\WSOCK32.dll
0x00007ff97f110000 - 0x00007ff97f17c000 	C:\WINDOWS\System32\WS2_32.dll
0x00007ff9786c0000 - 0x00007ff9786e3000 	C:\WINDOWS\SYSTEM32\WINMM.dll
0x00007ff96d2a0000 - 0x00007ff96d2aa000 	C:\WINDOWS\SYSTEM32\VERSION.dll
0x00007ff978690000 - 0x00007ff9786ba000 	C:\WINDOWS\SYSTEM32\winmmbase.dll
0x00007ff97c4e0000 - 0x00007ff97c529000 	C:\WINDOWS\System32\cfgmgr32.dll
0x0000000057fb0000 - 0x0000000057fbf000 	C:\Program Files\Java\jdk1.8.0_171\jre\bin\verify.dll
0x0000000057f80000 - 0x0000000057fa9000 	C:\Program Files\Java\jdk1.8.0_171\jre\bin\java.dll
0x0000000057ad0000 - 0x0000000057af3000 	C:\Program Files\Java\jdk1.8.0_171\jre\bin\instrument.dll
0x0000000057f60000 - 0x0000000057f76000 	C:\Program Files\Java\jdk1.8.0_171\jre\bin\zip.dll
0x00007ff97d1e0000 - 0x00007ff97e620000 	C:\WINDOWS\System32\SHELL32.dll
0x00007ff97c7a0000 - 0x00007ff97c849000 	C:\WINDOWS\System32\shcore.dll
0x00007ff97b7e0000 - 0x00007ff97beed000 	C:\WINDOWS\System32\windows.storage.dll
0x00007ff97eb80000 - 0x00007ff97ebd1000 	C:\WINDOWS\System32\shlwapi.dll
0x00007ff97b690000 - 0x00007ff97b6a1000 	C:\WINDOWS\System32\kernel.appcore.dll
0x00007ff97b620000 - 0x00007ff97b63f000 	C:\WINDOWS\System32\profapi.dll
0x00007ff97b640000 - 0x00007ff97b68c000 	C:\WINDOWS\System32\powrprof.dll
0x00007ff97b6b0000 - 0x00007ff97b6ba000 	C:\WINDOWS\System32\FLTLIB.DLL
0x00007ff94dd20000 - 0x00007ff94dd3a000 	C:\Program Files\JetBrains\IntelliJ IDEA Community Edition 2018.3\bin\breakgen64.dll
0x0000000057f40000 - 0x0000000057f5a000 	C:\Program Files\Java\jdk1.8.0_171\jre\bin\net.dll
0x00007ff97aea0000 - 0x00007ff97af06000 	C:\WINDOWS\system32\mswsock.dll
0x0000000065580000 - 0x0000000065616000 	C:\Users\y2536\AppData\Local\Temp\libgdxy2536\12dfaa03\gdx64.dll
0x00007ff97b050000 - 0x00007ff97b067000 	C:\WINDOWS\SYSTEM32\CRYPTSP.dll
0x00007ff97aa80000 - 0x00007ff97aab3000 	C:\WINDOWS\system32\rsaenh.dll
0x00007ff97b180000 - 0x00007ff97b1a5000 	C:\WINDOWS\SYSTEM32\bcrypt.dll
0x00007ff97b520000 - 0x00007ff97b548000 	C:\WINDOWS\SYSTEM32\USERENV.dll
0x00007ff97b070000 - 0x00007ff97b07b000 	C:\WINDOWS\SYSTEM32\CRYPTBASE.dll
0x00007ff97ac20000 - 0x00007ff97ac58000 	C:\WINDOWS\SYSTEM32\IPHLPAPI.DLL
0x00007ff97e9f0000 - 0x00007ff97e9f8000 	C:\WINDOWS\System32\NSI.dll
0x00007ff9716b0000 - 0x00007ff9716c6000 	C:\WINDOWS\SYSTEM32\dhcpcsvc6.DLL
0x00007ff9718c0000 - 0x00007ff9718da000 	C:\WINDOWS\SYSTEM32\dhcpcsvc.DLL
0x0000000057f20000 - 0x0000000057f31000 	C:\Program Files\Java\jdk1.8.0_171\jre\bin\nio.dll
0x0000000180000000 - 0x0000000180053000 	C:\Users\y2536\AppData\Local\Temp\libgdxy2536\dc0f0009\lwjgl64.dll
0x00007ff961750000 - 0x00007ff961870000 	C:\WINDOWS\SYSTEM32\OPENGL32.dll
0x00007ff970800000 - 0x00007ff97082c000 	C:\WINDOWS\SYSTEM32\GLU32.dll
0x00000000027c0000 - 0x0000000002824000 	C:\Users\y2536\AppData\Local\Temp\libgdxy2536\dc0f0009\OpenAL64.dll
0x00007ff97f180000 - 0x00007ff97f2d1000 	C:\WINDOWS\System32\ole32.dll
0x00007ff9791e0000 - 0x00007ff979278000 	C:\WINDOWS\system32\uxtheme.dll
0x00007ff97ead0000 - 0x00007ff97eb70000 	C:\WINDOWS\System32\clbcatq.dll
0x00007ff979c10000 - 0x00007ff979dc4000 	C:\WINDOWS\System32\PROPSYS.dll
0x00007ff97ea00000 - 0x00007ff97eac2000 	C:\WINDOWS\System32\OLEAUT32.dll
0x00007ff976a60000 - 0x00007ff976aef000 	C:\WINDOWS\SYSTEM32\dsound.dll
0x00007ff9713b0000 - 0x00007ff971426000 	C:\WINDOWS\System32\MMDevApi.dll
0x00007ff97b430000 - 0x00007ff97b457000 	C:\WINDOWS\System32\DEVOBJ.dll
0x00007ff95b4b0000 - 0x00007ff95b5dc000 	C:\WINDOWS\SYSTEM32\AUDIOSES.DLL
0x00007ff976ce0000 - 0x00007ff976e2d000 	C:\WINDOWS\SYSTEM32\wintypes.dll
0x00007ff9768d0000 - 0x00007ff9768da000 	C:\WINDOWS\SYSTEM32\AVRT.dll
0x00007ff97ccd0000 - 0x00007ff97ce43000 	C:\WINDOWS\System32\MSCTF.dll
0x00007ff979790000 - 0x00007ff9797b9000 	C:\WINDOWS\system32\dwmapi.dll
0x00007ff95afe0000 - 0x00007ff95b076000 	C:\WINDOWS\System32\TextInputFramework.dll
0x00007ff978bd0000 - 0x00007ff978caa000 	C:\WINDOWS\System32\CoreMessaging.dll
0x00007ff9761f0000 - 0x00007ff97650e000 	C:\WINDOWS\System32\CoreUIComponents.dll
0x00007ff97a710000 - 0x00007ff97a741000 	C:\WINDOWS\SYSTEM32\ntmarta.dll
0x00007ff96e320000 - 0x00007ff96e38b000 	C:\WINDOWS\system32\Oleacc.dll
0x00007ff91f3a0000 - 0x00007ff9200ea000 	C:\WINDOWS\System32\DriverStore\FileRepository\igdlh64.inf_amd64_5000ba0b757b594d\ig9icd64.dll
0x00007ff97a200000 - 0x00007ff97a213000 	C:\WINDOWS\SYSTEM32\WTSAPI32.dll
0x00007ff971a00000 - 0x00007ff972b5d000 	C:\WINDOWS\System32\DriverStore\FileRepository\igdlh64.inf_amd64_5000ba0b757b594d\igc64.dll
0x00007ff97a3e0000 - 0x00007ff97a49b000 	C:\WINDOWS\SYSTEM32\dxgi.dll
0x00007ff977d60000 - 0x00007ff97806b000 	C:\WINDOWS\SYSTEM32\d3d11.dll
0x00007ff9738f0000 - 0x00007ff974e6c000 	C:\WINDOWS\System32\DriverStore\FileRepository\igdlh64.inf_amd64_5000ba0b757b594d\igd10iumd64.dll
0x00007ff97b150000 - 0x00007ff97b176000 	C:\WINDOWS\SYSTEM32\ncrypt.dll
0x00007ff97b110000 - 0x00007ff97b146000 	C:\WINDOWS\SYSTEM32\NTASN1.dll
0x00007ff97a030000 - 0x00007ff97a1f9000 	C:\WINDOWS\SYSTEM32\dbghelp.dll

VM Arguments:
jvm_args: -javaagent:C:\Program Files\JetBrains\IntelliJ IDEA Community Edition 2018.3\lib\idea_rt.jar=55010:C:\Program Files\JetBrains\IntelliJ IDEA Community Edition 2018.3\bin -Dfile.encoding=UTF-8 
java_command: com.mygdx.game.desktop.DesktopLauncher
java_class_path (initial): C:\Program Files\Java\jdk1.8.0_171\jre\lib\charsets.jar;C:\Program Files\Java\jdk1.8.0_171\jre\lib\deploy.jar;C:\Program Files\Java\jdk1.8.0_171\jre\lib\ext\access-bridge-64.jar;C:\Program Files\Java\jdk1.8.0_171\jre\lib\ext\cldrdata.jar;C:\Program Files\Java\jdk1.8.0_171\jre\lib\ext\dnsns.jar;C:\Program Files\Java\jdk1.8.0_171\jre\lib\ext\jaccess.jar;C:\Program Files\Java\jdk1.8.0_171\jre\lib\ext\jfxrt.jar;C:\Program Files\Java\jdk1.8.0_171\jre\lib\ext\localedata.jar;C:\Program Files\Java\jdk1.8.0_171\jre\lib\ext\nashorn.jar;C:\Program Files\Java\jdk1.8.0_171\jre\lib\ext\sunec.jar;C:\Program Files\Java\jdk1.8.0_171\jre\lib\ext\sunjce_provider.jar;C:\Program Files\Java\jdk1.8.0_171\jre\lib\ext\sunmscapi.jar;C:\Program Files\Java\jdk1.8.0_171\jre\lib\ext\sunpkcs11.jar;C:\Program Files\Java\jdk1.8.0_171\jre\lib\ext\zipfs.jar;C:\Program Files\Java\jdk1.8.0_171\jre\lib\javaws.jar;C:\Program Files\Java\jdk1.8.0_171\jre\lib\jce.jar;C:\Program Files\Java\jdk1.8.0_171\jre\lib\jfr.jar;C:\Program Files\Java\jdk1.8.0_171\jre\lib\jfxswt.jar;C:\Program Files\Java\jdk1.8.0_171\jre\lib\jsse.jar;C:\Program Files\Java\jdk1.8.0_171\jre\lib\management-agent.jar;C:\Program Files\Java\jdk1.8.0_171\jre\lib\plugin.jar;C:\Program Files\Java\jdk1.8.0_171\jre\lib\resources.jar;C:\Program Files\Java\jdk1.8.0_171\jre\lib\rt.jar;D:\firstgame2019\out\production\desktop;D:\firstgame2019\out\production\core;C:\Users\y2536\.gradle\caches\modules-2\files-2.1\com.badlogicgames.gdx\gdx\1.9.8\a35a0076fbce873f9c2d5a1a1c8066244231bb3c\gdx-1.9.8.jar;C:\Users\y2536\.gradle\caches\modules-2\files-2.1\com.badlogicgames.gdx\gdx-backend-lwjgl\1.9.8\b7c138f14ed67ad830ae7597da3d86ae02b20eee\gdx-backend-lwjgl-1.9.8.jar;C:\Users\y2536\.gradle\caches\modules-2\files-2.1\com.badlogicgames.gdx\gdx-platform\1.9.8\604a2ef2c7c92a5900114757cbd3fb4dcbb8270c\gdx-platform-1.9.8-natives-desktop.jar;C:\Users\y2536\.gradle\caches\modules-2\files-2.1\org.lwjgl.lwjgl\lwjgl_util\2.9.2\4b9e37300a877998
Launcher Type: SUN_STANDARD

Environment Variables:
PATH=C:\Program Files (x86)\Common Files\Oracle\Java\javapath;C:\Program Files\Python36\Scripts\;C:\Program Files\Python36\;C:\ProgramData\Oracle\Java\javapath;C:\Program Files (x86)\Intel\iCLS Client\;C:\Program Files\Intel\iCLS Client\;C:\WINDOWS\system32;C:\WINDOWS;C:\WINDOWS\System32\Wbem;C:\WINDOWS\System32\WindowsPowerShell\v1.0\;C:\Program Files (x86)\Intel\Intel(R) Management Engine Components\DAL;C:\Program Files\Intel\Intel(R) Management Engine Components\DAL;C:\Program Files (x86)\Intel\Intel(R) Management Engine Components\IPT;C:\Program Files\Intel\Intel(R) Management Engine Components\IPT;C:\Program Files\dotnet\;C:\WINDOWS\System32\OpenSSH\;C:\Program Files\Intel\WiFi\bin\;C:\Program Files\Common Files\Intel\WirelessCommon\;C:\Users\y2536\AppData\Local\Programs\Python\Python36\Scripts\;C:\Users\y2536\AppData\Local\Programs\Python\Python36\;C:\Users\y2536\AppData\Local\Microsoft\WindowsApps;C:\Users\y2536\AppData\Roaming\Dashlane\4.8.3.33472\bin\Firefox_Extension\{442718d9-475e-452a-b3e1-fb1ee16b8e9f}\components;C:\Users\y2536\AppData\Roaming\Dashlane\4.8.3.33472\ucrt;C:\Program Files\Python36;C:\Users\y2536\AppData\Local\GitHubDesktop\bin;C:\Users\y2536\AppData\Local\Microsoft\WindowsApps;;C:\Program Files\JetBrains\IntelliJ IDEA Community Edition 2018.3\bin;
USERNAME=y2536
OS=Windows_NT
PROCESSOR_IDENTIFIER=Intel64 Family 6 Model 142 Stepping 9, GenuineIntel



---------------  S Y S T E M  ---------------

OS: Windows 10.0 , 64 bit Build 17134 (10.0.17134.1)

CPU:total 4 (initial active 4) (2 cores per cpu, 2 threads per core) family 6 model 142 stepping 9, cmov, cx8, fxsr, mmx, sse, sse2, sse3, ssse3, sse4.1, sse4.2, popcnt, avx, avx2, aes, clmul, erms, 3dnowpref, lzcnt, ht, tsc, tscinvbit, bmi1, bmi2, adx

Memory: 4k page, physical 8267228k(1389484k free), swap 12330460k(1547380k free)

vm_info: Java HotSpot(TM) 64-Bit Server VM (25.171-b11) for windows-amd64 JRE (1.8.0_171-b11), built on Mar 28 2018 16:06:12 by "java_re" with MS VC++ 10.0 (VS2010)

time: Mon Feb 11 00:23:26 2019
elapsed time: 16 seconds (0d 0h 0m 16s)

